<?xml version="1.0" encoding="UTF-8"?>
<!-- Generated by org.testng.reporters.JUnitXMLReporter -->
<testsuite ignored="0" hostname="SarthakDell" failures="0" tests="5" name="Default test" time="23.422" errors="0" timestamp="2023-08-26T15:19:40 GMT-04:00">
  <testcase classname="applyingDateTimeStampAutomation.RediffLoginParameterizedDataFromExcel" name="rediffLoginData" time="6.303"/>
  <testcase classname="applyingDateTimeStampAutomation.RediffLoginParameterizedDataFromExcel" name="rediffLoginData" time="4.098"/>
  <testcase classname="applyingDateTimeStampAutomation.RediffLoginParameterizedDataFromExcel" name="rediffLoginData" time="4.073"/>
  <testcase classname="applyingDateTimeStampAutomation.RediffLoginParameterizedDataFromExcel" name="rediffLoginData" time="3.898"/>
  <testcase classname="applyingDateTimeStampAutomation.RediffLoginParameterizedDataFromExcel" name="rediffLoginData" time="4.129"/>
</testsuite> <!-- Default test -->
