<?xml version="1.0" encoding="UTF-8"?>
<testng-results ignored="0" total="1" passed="1" failed="0" skipped="0">
  <reporter-output>
  </reporter-output>
  <suite started-at="2023-11-11T00:23:22 EST" name="Default suite" finished-at="2023-11-11T00:23:31 EST" duration-ms="9091">
    <groups>
    </groups>
    <test started-at="2023-11-11T00:23:22 EST" name="Default test" finished-at="2023-11-11T00:23:31 EST" duration-ms="9091">
      <class name="com.november_11_2023_Content.LoopingDropdown_EaseMyTrip">
        <test-method signature="easeMyTrip()[pri:0, instance:com.november_11_2023_Content.LoopingDropdown_EaseMyTrip@26d9b808]" started-at="2023-11-11T00:23:22 EST" name="easeMyTrip" finished-at="2023-11-11T00:23:31 EST" duration-ms="9046" status="PASS">
          <reporter-output>
          </reporter-output>
        </test-method> <!-- easeMyTrip -->
      </class> <!-- com.november_11_2023_Content.LoopingDropdown_EaseMyTrip -->
    </test> <!-- Default test -->
  </suite> <!-- Default suite -->
</testng-results>
