<?xml version="1.0" encoding="UTF-8"?>
<testng-results ignored="0" total="5" passed="5" failed="0" skipped="0">
  <reporter-output>
  </reporter-output>
  <suite started-at="2023-08-26T15:19:17 GMT-04:00" name="Default suite" finished-at="2023-08-26T15:19:40 GMT-04:00" duration-ms="23422">
    <groups>
    </groups>
    <test started-at="2023-08-26T15:19:17 GMT-04:00" name="Default test" finished-at="2023-08-26T15:19:40 GMT-04:00" duration-ms="23422">
      <class name="applyingDateTimeStampAutomation.RediffLoginParameterizedDataFromExcel">
        <test-method signature="rediffLoginData(java.lang.String,java.lang.String)[pri:1, instance:applyingDateTimeStampAutomation.RediffLoginParameterizedDataFromExcel@1ed4ae0f]" started-at="2023-08-26T15:19:17 GMT-04:00" name="rediffLoginData" data-provider="REDIFFDATA" finished-at="2023-08-26T15:19:24 GMT-04:00" duration-ms="6303" status="PASS">
          <params>
            <param index="0">
              <value>
                <![CDATA[seleniumpanda@rediffmail.com]]>
              </value>
            </param>
            <param index="1">
              <value>
                <![CDATA[Selenium@123]]>
              </value>
            </param>
          </params>
          <reporter-output>
          </reporter-output>
        </test-method> <!-- rediffLoginData -->
        <test-method is-config="true" signature="tearDown()[pri:0, instance:applyingDateTimeStampAutomation.RediffLoginParameterizedDataFromExcel@1ed4ae0f]" started-at="2023-08-26T15:19:24 GMT-04:00" name="tearDown" finished-at="2023-08-26T15:19:24 GMT-04:00" duration-ms="79" status="PASS">
          <reporter-output>
          </reporter-output>
        </test-method> <!-- tearDown -->
        <test-method signature="rediffLoginData(java.lang.String,java.lang.String)[pri:1, instance:applyingDateTimeStampAutomation.RediffLoginParameterizedDataFromExcel@1ed4ae0f]" started-at="2023-08-26T15:19:24 GMT-04:00" name="rediffLoginData" data-provider="REDIFFDATA" finished-at="2023-08-26T15:19:28 GMT-04:00" duration-ms="4098" status="PASS">
          <params>
            <param index="0">
              <value>
                <![CDATA[seleniumpanda1@rediffmail.com]]>
              </value>
            </param>
            <param index="1">
              <value>
                <![CDATA[Donkey@123]]>
              </value>
            </param>
          </params>
          <reporter-output>
          </reporter-output>
        </test-method> <!-- rediffLoginData -->
        <test-method is-config="true" signature="tearDown()[pri:0, instance:applyingDateTimeStampAutomation.RediffLoginParameterizedDataFromExcel@1ed4ae0f]" started-at="2023-08-26T15:19:28 GMT-04:00" name="tearDown" finished-at="2023-08-26T15:19:28 GMT-04:00" duration-ms="118" status="PASS">
          <reporter-output>
          </reporter-output>
        </test-method> <!-- tearDown -->
        <test-method signature="rediffLoginData(java.lang.String,java.lang.String)[pri:1, instance:applyingDateTimeStampAutomation.RediffLoginParameterizedDataFromExcel@1ed4ae0f]" started-at="2023-08-26T15:19:28 GMT-04:00" name="rediffLoginData" data-provider="REDIFFDATA" finished-at="2023-08-26T15:19:32 GMT-04:00" duration-ms="4073" status="PASS">
          <params>
            <param index="0">
              <value>
                <![CDATA[chowdhurygs@rediffmail.com]]>
              </value>
            </param>
            <param index="1">
              <value>
                <![CDATA[Shajlee1@]]>
              </value>
            </param>
          </params>
          <reporter-output>
          </reporter-output>
        </test-method> <!-- rediffLoginData -->
        <test-method is-config="true" signature="tearDown()[pri:0, instance:applyingDateTimeStampAutomation.RediffLoginParameterizedDataFromExcel@1ed4ae0f]" started-at="2023-08-26T15:19:32 GMT-04:00" name="tearDown" finished-at="2023-08-26T15:19:32 GMT-04:00" duration-ms="104" status="PASS">
          <reporter-output>
          </reporter-output>
        </test-method> <!-- tearDown -->
        <test-method signature="rediffLoginData(java.lang.String,java.lang.String)[pri:1, instance:applyingDateTimeStampAutomation.RediffLoginParameterizedDataFromExcel@1ed4ae0f]" started-at="2023-08-26T15:19:32 GMT-04:00" name="rediffLoginData" data-provider="REDIFFDATA" finished-at="2023-08-26T15:19:36 GMT-04:00" duration-ms="3898" status="PASS">
          <params>
            <param index="0">
              <value>
                <![CDATA[Mohamedboudguig@rediffmail.com]]>
              </value>
            </param>
            <param index="1">
              <value>
                <![CDATA[Medbgd0707@]]>
              </value>
            </param>
          </params>
          <reporter-output>
          </reporter-output>
        </test-method> <!-- rediffLoginData -->
        <test-method is-config="true" signature="tearDown()[pri:0, instance:applyingDateTimeStampAutomation.RediffLoginParameterizedDataFromExcel@1ed4ae0f]" started-at="2023-08-26T15:19:36 GMT-04:00" name="tearDown" finished-at="2023-08-26T15:19:36 GMT-04:00" duration-ms="120" status="PASS">
          <reporter-output>
          </reporter-output>
        </test-method> <!-- tearDown -->
        <test-method signature="rediffLoginData(java.lang.String,java.lang.String)[pri:1, instance:applyingDateTimeStampAutomation.RediffLoginParameterizedDataFromExcel@1ed4ae0f]" started-at="2023-08-26T15:19:36 GMT-04:00" name="rediffLoginData" data-provider="REDIFFDATA" finished-at="2023-08-26T15:19:40 GMT-04:00" duration-ms="4129" status="PASS">
          <params>
            <param index="0">
              <value>
                <![CDATA[homa_rahimi@rediffmail.com]]>
              </value>
            </param>
            <param index="1">
              <value>
                <![CDATA[Winter2021?]]>
              </value>
            </param>
          </params>
          <reporter-output>
          </reporter-output>
        </test-method> <!-- rediffLoginData -->
        <test-method is-config="true" signature="tearDown()[pri:0, instance:applyingDateTimeStampAutomation.RediffLoginParameterizedDataFromExcel@1ed4ae0f]" started-at="2023-08-26T15:19:40 GMT-04:00" name="tearDown" finished-at="2023-08-26T15:19:40 GMT-04:00" duration-ms="86" status="PASS">
          <reporter-output>
          </reporter-output>
        </test-method> <!-- tearDown -->
      </class> <!-- applyingDateTimeStampAutomation.RediffLoginParameterizedDataFromExcel -->
    </test> <!-- Default test -->
  </suite> <!-- Default suite -->
</testng-results>
